<?xml version="1.0" encoding="UTF-8"?>
<!-- Generated by org.testng.reporters.JUnitXMLReporter -->
<testsuite hostname="DESKTOP-9URK2P8" name="Default test" tests="3" failures="0" timestamp="7 Sep 2021 21:50:25 GMT" time="46.491" errors="0">
  <testcase name="testCT02ValidarCriticaCamposObrigatorios" time="8.574" classname="com.example.tests.CT02ValidarCriticaCamposObrigatorios"/>
  <testcase name="testCT03EnviarMensagem" time="12.826" classname="com.example.tests.CT03EnviarMensagem"/>
  <testcase name="testCT01ValidarLayout" time="8.358" classname="com.example.tests.CT01ValidarLayout"/>
</testsuite> <!-- Default test -->
